[1.805s] Invoking command in '/home/nihil/gbot_ws/src/mybot_nav': DEBUGINFOD_URLS=https://debuginfod.ubuntu.com PYTHONPATH=/home/nihil/gbot_ws/build/mybot_nav/prefix_override:/usr/lib/python3/dist-packages/colcon_core/task/python/colcon_distutils_commands:/home/nihil/gbot_ws/install/mybot_nav/lib/python3.12/site-packages:${PYTHONPATH} /usr/bin/python3 -W ignore:setup.py install is deprecated -W ignore:easy_install command is deprecated setup.py egg_info --egg-base ../../build/mybot_nav build --build-base /home/nihil/gbot_ws/build/mybot_nav/build install --record /home/nihil/gbot_ws/build/mybot_nav/install.log --single-version-externally-managed install_data
[2.185s] running egg_info
[2.211s] writing ../../build/mybot_nav/mybot_nav.egg-info/PKG-INFO
[2.217s] writing dependency_links to ../../build/mybot_nav/mybot_nav.egg-info/dependency_links.txt
[2.218s] writing entry points to ../../build/mybot_nav/mybot_nav.egg-info/entry_points.txt
[2.219s] writing requirements to ../../build/mybot_nav/mybot_nav.egg-info/requires.txt
[2.220s] writing top-level names to ../../build/mybot_nav/mybot_nav.egg-info/top_level.txt
[2.278s] reading manifest file '../../build/mybot_nav/mybot_nav.egg-info/SOURCES.txt'
[2.284s] writing manifest file '../../build/mybot_nav/mybot_nav.egg-info/SOURCES.txt'
[2.285s] running build
[2.285s] running build_py
[2.287s] copying mybot_nav/nav_to_pose.py -> /home/nihil/gbot_ws/build/mybot_nav/build/lib/mybot_nav
[2.287s] copying mybot_nav/bringup.launch.py -> /home/nihil/gbot_ws/build/mybot_nav/build/lib/mybot_nav
[2.287s] running install
[2.298s] running install_lib
[2.332s] copying /home/nihil/gbot_ws/build/mybot_nav/build/lib/mybot_nav/nav_to_pose.py -> /home/nihil/gbot_ws/install/mybot_nav/lib/python3.12/site-packages/mybot_nav
[2.333s] copying /home/nihil/gbot_ws/build/mybot_nav/build/lib/mybot_nav/bringup.launch.py -> /home/nihil/gbot_ws/install/mybot_nav/lib/python3.12/site-packages/mybot_nav
[2.334s] byte-compiling /home/nihil/gbot_ws/install/mybot_nav/lib/python3.12/site-packages/mybot_nav/nav_to_pose.py to nav_to_pose.cpython-312.pyc
[2.335s] byte-compiling /home/nihil/gbot_ws/install/mybot_nav/lib/python3.12/site-packages/mybot_nav/bringup.launch.py to bringup.launch.cpython-312.pyc
[2.336s] running install_data
[2.337s] running install_egg_info
[2.368s] removing '/home/nihil/gbot_ws/install/mybot_nav/lib/python3.12/site-packages/mybot_nav-0.0.0-py3.12.egg-info' (and everything under it)
[2.368s] Copying ../../build/mybot_nav/mybot_nav.egg-info to /home/nihil/gbot_ws/install/mybot_nav/lib/python3.12/site-packages/mybot_nav-0.0.0-py3.12.egg-info
[2.375s] running install_scripts
[2.564s] Installing nav_to_pose script to /home/nihil/gbot_ws/install/mybot_nav/lib/mybot_nav
[2.570s] Installing pose_saver script to /home/nihil/gbot_ws/install/mybot_nav/lib/mybot_nav
[2.572s] writing list of installed files to '/home/nihil/gbot_ws/build/mybot_nav/install.log'
[2.660s] Invoked command in '/home/nihil/gbot_ws/src/mybot_nav' returned '0': DEBUGINFOD_URLS=https://debuginfod.ubuntu.com PYTHONPATH=/home/nihil/gbot_ws/build/mybot_nav/prefix_override:/usr/lib/python3/dist-packages/colcon_core/task/python/colcon_distutils_commands:/home/nihil/gbot_ws/install/mybot_nav/lib/python3.12/site-packages:${PYTHONPATH} /usr/bin/python3 -W ignore:setup.py install is deprecated -W ignore:easy_install command is deprecated setup.py egg_info --egg-base ../../build/mybot_nav build --build-base /home/nihil/gbot_ws/build/mybot_nav/build install --record /home/nihil/gbot_ws/build/mybot_nav/install.log --single-version-externally-managed install_data
