[2.116s] Invoking command in '/home/nihil/gbot_ws/src/mybot_nav': DEBUGINFOD_URLS=https://debuginfod.ubuntu.com PYTHONPATH=/home/nihil/gbot_ws/build/mybot_nav/prefix_override:/usr/lib/python3/dist-packages/colcon_core/task/python/colcon_distutils_commands:/home/nihil/gbot_ws/install/mybot_nav/lib/python3.12/site-packages:${PYTHONPATH} /usr/bin/python3 -W ignore:setup.py install is deprecated -W ignore:easy_install command is deprecated setup.py egg_info --egg-base ../../build/mybot_nav build --build-base /home/nihil/gbot_ws/build/mybot_nav/build install --record /home/nihil/gbot_ws/build/mybot_nav/install.log --single-version-externally-managed install_data
[2.643s] running egg_info
[2.671s] writing ../../build/mybot_nav/mybot_nav.egg-info/PKG-INFO
[2.672s] writing dependency_links to ../../build/mybot_nav/mybot_nav.egg-info/dependency_links.txt
[2.678s] writing entry points to ../../build/mybot_nav/mybot_nav.egg-info/entry_points.txt
[2.679s] writing requirements to ../../build/mybot_nav/mybot_nav.egg-info/requires.txt
[2.679s] writing top-level names to ../../build/mybot_nav/mybot_nav.egg-info/top_level.txt
[2.753s] reading manifest file '../../build/mybot_nav/mybot_nav.egg-info/SOURCES.txt'
[2.754s] writing manifest file '../../build/mybot_nav/mybot_nav.egg-info/SOURCES.txt'
[2.754s] running build
[2.754s] running build_py
[2.754s] copying mybot_nav/pose_saver.py -> /home/nihil/gbot_ws/build/mybot_nav/build/lib/mybot_nav
[2.755s] running install
[2.765s] running install_lib
[2.793s] copying /home/nihil/gbot_ws/build/mybot_nav/build/lib/mybot_nav/pose_saver.py -> /home/nihil/gbot_ws/install/mybot_nav/lib/python3.12/site-packages/mybot_nav
[2.794s] byte-compiling /home/nihil/gbot_ws/install/mybot_nav/lib/python3.12/site-packages/mybot_nav/pose_saver.py to pose_saver.cpython-312.pyc
[2.796s] running install_data
[2.796s] running install_egg_info
[2.836s] removing '/home/nihil/gbot_ws/install/mybot_nav/lib/python3.12/site-packages/mybot_nav-0.0.0-py3.12.egg-info' (and everything under it)
[2.837s] Copying ../../build/mybot_nav/mybot_nav.egg-info to /home/nihil/gbot_ws/install/mybot_nav/lib/python3.12/site-packages/mybot_nav-0.0.0-py3.12.egg-info
[2.839s] running install_scripts
[3.071s] Installing nav_to_pose script to /home/nihil/gbot_ws/install/mybot_nav/lib/mybot_nav
[3.071s] Installing pose_saver script to /home/nihil/gbot_ws/install/mybot_nav/lib/mybot_nav
[3.078s] writing list of installed files to '/home/nihil/gbot_ws/build/mybot_nav/install.log'
[3.188s] Invoked command in '/home/nihil/gbot_ws/src/mybot_nav' returned '0': DEBUGINFOD_URLS=https://debuginfod.ubuntu.com PYTHONPATH=/home/nihil/gbot_ws/build/mybot_nav/prefix_override:/usr/lib/python3/dist-packages/colcon_core/task/python/colcon_distutils_commands:/home/nihil/gbot_ws/install/mybot_nav/lib/python3.12/site-packages:${PYTHONPATH} /usr/bin/python3 -W ignore:setup.py install is deprecated -W ignore:easy_install command is deprecated setup.py egg_info --egg-base ../../build/mybot_nav build --build-base /home/nihil/gbot_ws/build/mybot_nav/build install --record /home/nihil/gbot_ws/build/mybot_nav/install.log --single-version-externally-managed install_data
