[1.234s] Invoking command in '/home/nihil/gbot_ws/build/mybot_nav': DEBUGINFOD_URLS=https://debuginfod.ubuntu.com PYTHONPATH=/home/nihil/gbot_ws/build/mybot_nav/prefix_override:/usr/lib/python3/dist-packages/colcon_core/task/python/colcon_distutils_commands:/home/nihil/gbot_ws/install/mybot_nav/lib/python3.12/site-packages:${PYTHONPATH} /usr/bin/python3 -W ignore:setup.py install is deprecated -W ignore:easy_install command is deprecated setup.py develop --editable --build-directory /home/nihil/gbot_ws/build/mybot_nav/build --no-deps symlink_data --force
[1.684s] running develop
[1.969s] running egg_info
[1.996s] writing mybot_nav.egg-info/PKG-INFO
[1.996s] writing dependency_links to mybot_nav.egg-info/dependency_links.txt
[2.003s] writing entry points to mybot_nav.egg-info/entry_points.txt
[2.003s] writing requirements to mybot_nav.egg-info/requires.txt
[2.004s] writing top-level names to mybot_nav.egg-info/top_level.txt
[2.062s] reading manifest file 'mybot_nav.egg-info/SOURCES.txt'
[2.063s] writing manifest file 'mybot_nav.egg-info/SOURCES.txt'
[2.091s] running build_ext
[2.097s] Creating /home/nihil/gbot_ws/install/mybot_nav/lib/python3.12/site-packages/mybot-nav.egg-link (link to .)
[2.098s] Installing nav_to_pose script to /home/nihil/gbot_ws/install/mybot_nav/lib/mybot_nav
[2.098s] Installing pose_saver script to /home/nihil/gbot_ws/install/mybot_nav/lib/mybot_nav
[2.099s] 
[2.099s] Installed /home/nihil/gbot_ws/build/mybot_nav
[2.099s] running symlink_data
[2.099s] symbolically linking /home/nihil/gbot_ws/build/mybot_nav/resource/mybot_nav -> /home/nihil/gbot_ws/install/mybot_nav/share/ament_index/resource_index/packages
[2.099s] symbolically linking /home/nihil/gbot_ws/build/mybot_nav/package.xml -> /home/nihil/gbot_ws/install/mybot_nav/share/mybot_nav
[2.202s] Invoked command in '/home/nihil/gbot_ws/build/mybot_nav' returned '0': DEBUGINFOD_URLS=https://debuginfod.ubuntu.com PYTHONPATH=/home/nihil/gbot_ws/build/mybot_nav/prefix_override:/usr/lib/python3/dist-packages/colcon_core/task/python/colcon_distutils_commands:/home/nihil/gbot_ws/install/mybot_nav/lib/python3.12/site-packages:${PYTHONPATH} /usr/bin/python3 -W ignore:setup.py install is deprecated -W ignore:easy_install command is deprecated setup.py develop --editable --build-directory /home/nihil/gbot_ws/build/mybot_nav/build --no-deps symlink_data --force
