running egg_info
creating ../../build/mybot_nav/mybot_nav.egg-info
writing ../../build/mybot_nav/mybot_nav.egg-info/PKG-INFO
writing dependency_links to ../../build/mybot_nav/mybot_nav.egg-info/dependency_links.txt
writing entry points to ../../build/mybot_nav/mybot_nav.egg-info/entry_points.txt
writing requirements to ../../build/mybot_nav/mybot_nav.egg-info/requires.txt
writing top-level names to ../../build/mybot_nav/mybot_nav.egg-info/top_level.txt
writing manifest file '../../build/mybot_nav/mybot_nav.egg-info/SOURCES.txt'
reading manifest file '../../build/mybot_nav/mybot_nav.egg-info/SOURCES.txt'
writing manifest file '../../build/mybot_nav/mybot_nav.egg-info/SOURCES.txt'
running build
running build_py
creating /home/nihil/gbot_ws/build/mybot_nav/build
creating /home/nihil/gbot_ws/build/mybot_nav/build/lib
creating /home/nihil/gbot_ws/build/mybot_nav/build/lib/mybot_nav
copying mybot_nav/pose_saver.py -> /home/nihil/gbot_ws/build/mybot_nav/build/lib/mybot_nav
copying mybot_nav/__init__.py -> /home/nihil/gbot_ws/build/mybot_nav/build/lib/mybot_nav
running install
running install_lib
creating /home/nihil/gbot_ws/install/mybot_nav/lib/python3.12/site-packages/mybot_nav
copying /home/nihil/gbot_ws/build/mybot_nav/build/lib/mybot_nav/pose_saver.py -> /home/nihil/gbot_ws/install/mybot_nav/lib/python3.12/site-packages/mybot_nav
copying /home/nihil/gbot_ws/build/mybot_nav/build/lib/mybot_nav/__init__.py -> /home/nihil/gbot_ws/install/mybot_nav/lib/python3.12/site-packages/mybot_nav
byte-compiling /home/nihil/gbot_ws/install/mybot_nav/lib/python3.12/site-packages/mybot_nav/pose_saver.py to pose_saver.cpython-312.pyc
byte-compiling /home/nihil/gbot_ws/install/mybot_nav/lib/python3.12/site-packages/mybot_nav/__init__.py to __init__.cpython-312.pyc
running install_data
creating /home/nihil/gbot_ws/install/mybot_nav/share/ament_index
creating /home/nihil/gbot_ws/install/mybot_nav/share/ament_index/resource_index
creating /home/nihil/gbot_ws/install/mybot_nav/share/ament_index/resource_index/packages
copying resource/mybot_nav -> /home/nihil/gbot_ws/install/mybot_nav/share/ament_index/resource_index/packages
copying package.xml -> /home/nihil/gbot_ws/install/mybot_nav/share/mybot_nav
running install_egg_info
Copying ../../build/mybot_nav/mybot_nav.egg-info to /home/nihil/gbot_ws/install/mybot_nav/lib/python3.12/site-packages/mybot_nav-0.0.0-py3.12.egg-info
running install_scripts
Installing pose_saver script to /home/nihil/gbot_ws/install/mybot_nav/lib/mybot_nav
writing list of installed files to '/home/nihil/gbot_ws/build/mybot_nav/install.log'
