[1.239s] Invoking command in '/home/nihil/gbot_ws/src/mybot_nav': DEBUGINFOD_URLS=https://debuginfod.ubuntu.com PYTHONPATH=/home/nihil/gbot_ws/build/mybot_nav/prefix_override:/usr/lib/python3/dist-packages/colcon_core/task/python/colcon_distutils_commands:/home/nihil/gbot_ws/install/mybot_nav/lib/python3.12/site-packages:${PYTHONPATH} /usr/bin/python3 -W ignore:setup.py install is deprecated -W ignore:easy_install command is deprecated setup.py egg_info --egg-base ../../build/mybot_nav build --build-base /home/nihil/gbot_ws/build/mybot_nav/build install --record /home/nihil/gbot_ws/build/mybot_nav/install.log --single-version-externally-managed install_data
[1.609s] running egg_info
[1.636s] writing ../../build/mybot_nav/mybot_nav.egg-info/PKG-INFO
[1.636s] writing dependency_links to ../../build/mybot_nav/mybot_nav.egg-info/dependency_links.txt
[1.642s] writing entry points to ../../build/mybot_nav/mybot_nav.egg-info/entry_points.txt
[1.643s] writing requirements to ../../build/mybot_nav/mybot_nav.egg-info/requires.txt
[1.644s] writing top-level names to ../../build/mybot_nav/mybot_nav.egg-info/top_level.txt
[1.703s] reading manifest file '../../build/mybot_nav/mybot_nav.egg-info/SOURCES.txt'
[1.704s] writing manifest file '../../build/mybot_nav/mybot_nav.egg-info/SOURCES.txt'
[1.704s] running build
[1.704s] running build_py
[1.704s] running install
[1.713s] running install_lib
[1.741s] running install_data
[1.741s] running install_egg_info
[1.770s] removing '/home/nihil/gbot_ws/install/mybot_nav/lib/python3.12/site-packages/mybot_nav-0.0.0-py3.12.egg-info' (and everything under it)
[1.770s] Copying ../../build/mybot_nav/mybot_nav.egg-info to /home/nihil/gbot_ws/install/mybot_nav/lib/python3.12/site-packages/mybot_nav-0.0.0-py3.12.egg-info
[1.771s] running install_scripts
[1.959s] Installing nav_to_pose script to /home/nihil/gbot_ws/install/mybot_nav/lib/mybot_nav
[1.959s] Installing pose_saver script to /home/nihil/gbot_ws/install/mybot_nav/lib/mybot_nav
[1.965s] writing list of installed files to '/home/nihil/gbot_ws/build/mybot_nav/install.log'
[2.057s] Invoked command in '/home/nihil/gbot_ws/src/mybot_nav' returned '0': DEBUGINFOD_URLS=https://debuginfod.ubuntu.com PYTHONPATH=/home/nihil/gbot_ws/build/mybot_nav/prefix_override:/usr/lib/python3/dist-packages/colcon_core/task/python/colcon_distutils_commands:/home/nihil/gbot_ws/install/mybot_nav/lib/python3.12/site-packages:${PYTHONPATH} /usr/bin/python3 -W ignore:setup.py install is deprecated -W ignore:easy_install command is deprecated setup.py egg_info --egg-base ../../build/mybot_nav build --build-base /home/nihil/gbot_ws/build/mybot_nav/build install --record /home/nihil/gbot_ws/build/mybot_nav/install.log --single-version-externally-managed install_data
