[2.735s] Invoking command in '/home/nihil/gbot_ws/src/mybot_nav': DEBUGINFOD_URLS=https://debuginfod.ubuntu.com PYTHONPATH=/home/nihil/gbot_ws/build/mybot_nav/prefix_override:/usr/lib/python3/dist-packages/colcon_core/task/python/colcon_distutils_commands:/home/nihil/gbot_ws/install/mybot_nav/lib/python3.12/site-packages:${PYTHONPATH} /usr/bin/python3 -W ignore:setup.py install is deprecated -W ignore:easy_install command is deprecated setup.py egg_info --egg-base ../../build/mybot_nav build --build-base /home/nihil/gbot_ws/build/mybot_nav/build install --record /home/nihil/gbot_ws/build/mybot_nav/install.log --single-version-externally-managed install_data
[3.165s] running egg_info
[3.193s] writing ../../build/mybot_nav/mybot_nav.egg-info/PKG-INFO
[3.194s] writing dependency_links to ../../build/mybot_nav/mybot_nav.egg-info/dependency_links.txt
[3.195s] writing entry points to ../../build/mybot_nav/mybot_nav.egg-info/entry_points.txt
[3.196s] writing requirements to ../../build/mybot_nav/mybot_nav.egg-info/requires.txt
[3.197s] writing top-level names to ../../build/mybot_nav/mybot_nav.egg-info/top_level.txt
[3.253s] reading manifest file '../../build/mybot_nav/mybot_nav.egg-info/SOURCES.txt'
[3.260s] writing manifest file '../../build/mybot_nav/mybot_nav.egg-info/SOURCES.txt'
[3.260s] running build
[3.260s] running build_py
[3.263s] running install
[3.273s] running install_lib
[3.303s] running install_data
[3.303s] running install_egg_info
[3.334s] removing '/home/nihil/gbot_ws/install/mybot_nav/lib/python3.12/site-packages/mybot_nav-0.0.0-py3.12.egg-info' (and everything under it)
[3.334s] Copying ../../build/mybot_nav/mybot_nav.egg-info to /home/nihil/gbot_ws/install/mybot_nav/lib/python3.12/site-packages/mybot_nav-0.0.0-py3.12.egg-info
[3.342s] running install_scripts
[3.548s] Installing nav_to_pose script to /home/nihil/gbot_ws/install/mybot_nav/lib/mybot_nav
[3.558s] Installing pose_saver script to /home/nihil/gbot_ws/install/mybot_nav/lib/mybot_nav
[3.560s] writing list of installed files to '/home/nihil/gbot_ws/build/mybot_nav/install.log'
[3.734s] Invoked command in '/home/nihil/gbot_ws/src/mybot_nav' returned '0': DEBUGINFOD_URLS=https://debuginfod.ubuntu.com PYTHONPATH=/home/nihil/gbot_ws/build/mybot_nav/prefix_override:/usr/lib/python3/dist-packages/colcon_core/task/python/colcon_distutils_commands:/home/nihil/gbot_ws/install/mybot_nav/lib/python3.12/site-packages:${PYTHONPATH} /usr/bin/python3 -W ignore:setup.py install is deprecated -W ignore:easy_install command is deprecated setup.py egg_info --egg-base ../../build/mybot_nav build --build-base /home/nihil/gbot_ws/build/mybot_nav/build install --record /home/nihil/gbot_ws/build/mybot_nav/install.log --single-version-externally-managed install_data
