[0.308s] DEBUG:colcon:Command line arguments: ['/usr/bin/colcon', 'build']
[0.308s] DEBUG:colcon:Parsed command line arguments: Namespace(log_base=None, log_level=None, verb_name='build', build_base='build', install_base='install', merge_install=False, symlink_install=False, test_result_base=None, continue_on_error=False, executor='parallel', parallel_workers=4, event_handlers=None, ignore_user_meta=False, metas=['./colcon.meta'], base_paths=['.'], packages_ignore=None, packages_ignore_regex=None, paths=None, packages_up_to=None, packages_up_to_regex=None, packages_above=None, packages_above_and_dependencies=None, packages_above_depth=None, packages_select_by_dep=None, packages_skip_by_dep=None, packages_skip_up_to=None, packages_select_build_failed=False, packages_skip_build_finished=False, packages_select_test_failures=False, packages_skip_test_passed=False, packages_select=None, packages_skip=None, packages_select_regex=None, packages_skip_regex=None, packages_start=None, packages_end=None, allow_overriding=[], cmake_args=None, cmake_target=None, cmake_target_skip_unavailable=False, cmake_clean_cache=False, cmake_clean_first=False, cmake_force_configure=False, ament_cmake_args=None, catkin_cmake_args=None, catkin_skip_building_tests=False, verb_parser=<colcon_defaults.argument_parser.defaults.DefaultArgumentsDecorator object at 0xffff83d3aab0>, verb_extension=<colcon_core.verb.build.BuildVerb object at 0xffff84715ee0>, main=<bound method BuildVerb.main of <colcon_core.verb.build.BuildVerb object at 0xffff84715ee0>>)
[0.433s] Level 1:colcon.colcon_core.package_discovery:discover_packages(colcon_meta) check parameters
[0.433s] Level 1:colcon.colcon_core.package_discovery:discover_packages(recursive) check parameters
[0.433s] Level 1:colcon.colcon_core.package_discovery:discover_packages(ignore) check parameters
[0.433s] Level 1:colcon.colcon_core.package_discovery:discover_packages(path) check parameters
[0.433s] Level 1:colcon.colcon_core.package_discovery:discover_packages(colcon_meta) discover
[0.433s] Level 1:colcon.colcon_core.package_discovery:discover_packages(recursive) discover
[0.433s] INFO:colcon.colcon_core.package_discovery:Crawling recursively for packages in '/home/nihil/gbot_ws'
[0.433s] Level 1:colcon.colcon_core.package_identification:_identify(.) by extensions ['ignore', 'ignore_ament_install']
[0.434s] Level 1:colcon.colcon_core.package_identification:_identify(.) by extension 'ignore'
[0.434s] Level 1:colcon.colcon_core.package_identification:_identify(.) by extension 'ignore_ament_install'
[0.434s] Level 1:colcon.colcon_core.package_identification:_identify(.) by extensions ['colcon_pkg']
[0.434s] Level 1:colcon.colcon_core.package_identification:_identify(.) by extension 'colcon_pkg'
[0.434s] Level 1:colcon.colcon_core.package_identification:_identify(.) by extensions ['colcon_meta']
[0.434s] Level 1:colcon.colcon_core.package_identification:_identify(.) by extension 'colcon_meta'
[0.434s] Level 1:colcon.colcon_core.package_identification:_identify(.) by extensions ['ros']
[0.434s] Level 1:colcon.colcon_core.package_identification:_identify(.) by extension 'ros'
[0.489s] Level 1:colcon.colcon_core.package_identification:_identify(.) by extensions ['cmake', 'python']
[0.489s] Level 1:colcon.colcon_core.package_identification:_identify(.) by extension 'cmake'
[0.489s] Level 1:colcon.colcon_core.package_identification:_identify(.) by extension 'python'
[0.489s] Level 1:colcon.colcon_core.package_identification:_identify(.) by extensions ['python_setup_py']
[0.489s] Level 1:colcon.colcon_core.package_identification:_identify(.) by extension 'python_setup_py'
[0.489s] Level 1:colcon.colcon_core.package_identification:_identify(build) by extensions ['ignore', 'ignore_ament_install']
[0.489s] Level 1:colcon.colcon_core.package_identification:_identify(build) by extension 'ignore'
[0.489s] Level 1:colcon.colcon_core.package_identification:_identify(build) ignored
[0.490s] Level 1:colcon.colcon_core.package_identification:_identify(install) by extensions ['ignore', 'ignore_ament_install']
[0.490s] Level 1:colcon.colcon_core.package_identification:_identify(install) by extension 'ignore'
[0.490s] Level 1:colcon.colcon_core.package_identification:_identify(install) ignored
[0.490s] Level 1:colcon.colcon_core.package_identification:_identify(log) by extensions ['ignore', 'ignore_ament_install']
[0.490s] Level 1:colcon.colcon_core.package_identification:_identify(log) by extension 'ignore'
[0.490s] Level 1:colcon.colcon_core.package_identification:_identify(log) ignored
[0.490s] Level 1:colcon.colcon_core.package_identification:_identify(src) by extensions ['ignore', 'ignore_ament_install']
[0.490s] Level 1:colcon.colcon_core.package_identification:_identify(src) by extension 'ignore'
[0.490s] Level 1:colcon.colcon_core.package_identification:_identify(src) by extension 'ignore_ament_install'
[0.490s] Level 1:colcon.colcon_core.package_identification:_identify(src) by extensions ['colcon_pkg']
[0.490s] Level 1:colcon.colcon_core.package_identification:_identify(src) by extension 'colcon_pkg'
[0.490s] Level 1:colcon.colcon_core.package_identification:_identify(src) by extensions ['colcon_meta']
[0.491s] Level 1:colcon.colcon_core.package_identification:_identify(src) by extension 'colcon_meta'
[0.491s] Level 1:colcon.colcon_core.package_identification:_identify(src) by extensions ['ros']
[0.491s] Level 1:colcon.colcon_core.package_identification:_identify(src) by extension 'ros'
[0.491s] Level 1:colcon.colcon_core.package_identification:_identify(src) by extensions ['cmake', 'python']
[0.491s] Level 1:colcon.colcon_core.package_identification:_identify(src) by extension 'cmake'
[0.491s] Level 1:colcon.colcon_core.package_identification:_identify(src) by extension 'python'
[0.491s] Level 1:colcon.colcon_core.package_identification:_identify(src) by extensions ['python_setup_py']
[0.491s] Level 1:colcon.colcon_core.package_identification:_identify(src) by extension 'python_setup_py'
[0.497s] Level 1:colcon.colcon_core.package_identification:_identify(src/mybot_cartographer) by extensions ['ignore', 'ignore_ament_install']
[0.497s] Level 1:colcon.colcon_core.package_identification:_identify(src/mybot_cartographer) by extension 'ignore'
[0.497s] Level 1:colcon.colcon_core.package_identification:_identify(src/mybot_cartographer) by extension 'ignore_ament_install'
[0.497s] Level 1:colcon.colcon_core.package_identification:_identify(src/mybot_cartographer) by extensions ['colcon_pkg']
[0.497s] Level 1:colcon.colcon_core.package_identification:_identify(src/mybot_cartographer) by extension 'colcon_pkg'
[0.497s] Level 1:colcon.colcon_core.package_identification:_identify(src/mybot_cartographer) by extensions ['colcon_meta']
[0.497s] Level 1:colcon.colcon_core.package_identification:_identify(src/mybot_cartographer) by extension 'colcon_meta'
[0.497s] Level 1:colcon.colcon_core.package_identification:_identify(src/mybot_cartographer) by extensions ['ros']
[0.497s] Level 1:colcon.colcon_core.package_identification:_identify(src/mybot_cartographer) by extension 'ros'
[0.502s] DEBUG:colcon.colcon_core.package_identification:Package 'src/mybot_cartographer' with type 'ros.ament_cmake' and name 'mybot_cartographer'
[0.503s] Level 1:colcon.colcon_core.package_identification:_identify(src/mybot_description) by extensions ['ignore', 'ignore_ament_install']
[0.503s] Level 1:colcon.colcon_core.package_identification:_identify(src/mybot_description) by extension 'ignore'
[0.503s] Level 1:colcon.colcon_core.package_identification:_identify(src/mybot_description) by extension 'ignore_ament_install'
[0.503s] Level 1:colcon.colcon_core.package_identification:_identify(src/mybot_description) by extensions ['colcon_pkg']
[0.503s] Level 1:colcon.colcon_core.package_identification:_identify(src/mybot_description) by extension 'colcon_pkg'
[0.503s] Level 1:colcon.colcon_core.package_identification:_identify(src/mybot_description) by extensions ['colcon_meta']
[0.503s] Level 1:colcon.colcon_core.package_identification:_identify(src/mybot_description) by extension 'colcon_meta'
[0.503s] Level 1:colcon.colcon_core.package_identification:_identify(src/mybot_description) by extensions ['ros']
[0.503s] Level 1:colcon.colcon_core.package_identification:_identify(src/mybot_description) by extension 'ros'
[0.505s] DEBUG:colcon.colcon_core.package_identification:Package 'src/mybot_description' with type 'ros.ament_python' and name 'mybot_description'
[0.506s] Level 1:colcon.colcon_core.package_identification:_identify(src/mybot_nav) by extensions ['ignore', 'ignore_ament_install']
[0.506s] Level 1:colcon.colcon_core.package_identification:_identify(src/mybot_nav) by extension 'ignore'
[0.506s] Level 1:colcon.colcon_core.package_identification:_identify(src/mybot_nav) by extension 'ignore_ament_install'
[0.506s] Level 1:colcon.colcon_core.package_identification:_identify(src/mybot_nav) by extensions ['colcon_pkg']
[0.506s] Level 1:colcon.colcon_core.package_identification:_identify(src/mybot_nav) by extension 'colcon_pkg'
[0.506s] Level 1:colcon.colcon_core.package_identification:_identify(src/mybot_nav) by extensions ['colcon_meta']
[0.506s] Level 1:colcon.colcon_core.package_identification:_identify(src/mybot_nav) by extension 'colcon_meta'
[0.506s] Level 1:colcon.colcon_core.package_identification:_identify(src/mybot_nav) by extensions ['ros']
[0.506s] Level 1:colcon.colcon_core.package_identification:_identify(src/mybot_nav) by extension 'ros'
[0.507s] DEBUG:colcon.colcon_core.package_identification:Package 'src/mybot_nav' with type 'ros.ament_python' and name 'mybot_nav'
[0.507s] Level 1:colcon.colcon_core.package_identification:_identify(src/rplidar_ros) by extensions ['ignore', 'ignore_ament_install']
[0.508s] Level 1:colcon.colcon_core.package_identification:_identify(src/rplidar_ros) by extension 'ignore'
[0.508s] Level 1:colcon.colcon_core.package_identification:_identify(src/rplidar_ros) by extension 'ignore_ament_install'
[0.508s] Level 1:colcon.colcon_core.package_identification:_identify(src/rplidar_ros) by extensions ['colcon_pkg']
[0.508s] Level 1:colcon.colcon_core.package_identification:_identify(src/rplidar_ros) by extension 'colcon_pkg'
[0.508s] Level 1:colcon.colcon_core.package_identification:_identify(src/rplidar_ros) by extensions ['colcon_meta']
[0.508s] Level 1:colcon.colcon_core.package_identification:_identify(src/rplidar_ros) by extension 'colcon_meta'
[0.508s] Level 1:colcon.colcon_core.package_identification:_identify(src/rplidar_ros) by extensions ['ros']
[0.508s] Level 1:colcon.colcon_core.package_identification:_identify(src/rplidar_ros) by extension 'ros'
[0.509s] DEBUG:colcon.colcon_core.package_identification:Package 'src/rplidar_ros' with type 'ros.ament_cmake' and name 'rplidar_ros'
[0.509s] Level 1:colcon.colcon_core.package_discovery:discover_packages(recursive) using defaults
[0.509s] Level 1:colcon.colcon_core.package_discovery:discover_packages(ignore) discover
[0.509s] Level 1:colcon.colcon_core.package_discovery:discover_packages(ignore) using defaults
[0.509s] Level 1:colcon.colcon_core.package_discovery:discover_packages(path) discover
[0.510s] Level 1:colcon.colcon_core.package_discovery:discover_packages(path) using defaults
[0.553s] Level 1:colcon.colcon_core.package_discovery:discover_packages(prefix_path) check parameters
[0.553s] Level 1:colcon.colcon_core.package_discovery:discover_packages(prefix_path) discover
[0.559s] DEBUG:colcon.colcon_installed_package_information.package_discovery:Found 3 installed packages in /home/nihil/gbot_ws/install
[0.562s] DEBUG:colcon.colcon_installed_package_information.package_discovery:Found 403 installed packages in /opt/ros/jazzy
[0.565s] Level 1:colcon.colcon_core.package_discovery:discover_packages(prefix_path) using defaults
[0.653s] Level 5:colcon.colcon_core.verb:set package 'mybot_cartographer' build argument 'cmake_args' from command line to 'None'
[0.653s] Level 5:colcon.colcon_core.verb:set package 'mybot_cartographer' build argument 'cmake_target' from command line to 'None'
[0.653s] Level 5:colcon.colcon_core.verb:set package 'mybot_cartographer' build argument 'cmake_target_skip_unavailable' from command line to 'False'
[0.653s] Level 5:colcon.colcon_core.verb:set package 'mybot_cartographer' build argument 'cmake_clean_cache' from command line to 'False'
[0.653s] Level 5:colcon.colcon_core.verb:set package 'mybot_cartographer' build argument 'cmake_clean_first' from command line to 'False'
[0.653s] Level 5:colcon.colcon_core.verb:set package 'mybot_cartographer' build argument 'cmake_force_configure' from command line to 'False'
[0.653s] Level 5:colcon.colcon_core.verb:set package 'mybot_cartographer' build argument 'ament_cmake_args' from command line to 'None'
[0.653s] Level 5:colcon.colcon_core.verb:set package 'mybot_cartographer' build argument 'catkin_cmake_args' from command line to 'None'
[0.653s] Level 5:colcon.colcon_core.verb:set package 'mybot_cartographer' build argument 'catkin_skip_building_tests' from command line to 'False'
[0.653s] DEBUG:colcon.colcon_core.verb:Building package 'mybot_cartographer' with the following arguments: {'ament_cmake_args': None, 'build_base': '/home/nihil/gbot_ws/build/mybot_cartographer', 'catkin_cmake_args': None, 'catkin_skip_building_tests': False, 'cmake_args': None, 'cmake_clean_cache': False, 'cmake_clean_first': False, 'cmake_force_configure': False, 'cmake_target': None, 'cmake_target_skip_unavailable': False, 'install_base': '/home/nihil/gbot_ws/install/mybot_cartographer', 'merge_install': False, 'path': '/home/nihil/gbot_ws/src/mybot_cartographer', 'symlink_install': False, 'test_result_base': None}
[0.654s] Level 5:colcon.colcon_core.verb:set package 'mybot_description' build argument 'cmake_args' from command line to 'None'
[0.654s] Level 5:colcon.colcon_core.verb:set package 'mybot_description' build argument 'cmake_target' from command line to 'None'
[0.654s] Level 5:colcon.colcon_core.verb:set package 'mybot_description' build argument 'cmake_target_skip_unavailable' from command line to 'False'
[0.654s] Level 5:colcon.colcon_core.verb:set package 'mybot_description' build argument 'cmake_clean_cache' from command line to 'False'
[0.654s] Level 5:colcon.colcon_core.verb:set package 'mybot_description' build argument 'cmake_clean_first' from command line to 'False'
[0.654s] Level 5:colcon.colcon_core.verb:set package 'mybot_description' build argument 'cmake_force_configure' from command line to 'False'
[0.654s] Level 5:colcon.colcon_core.verb:set package 'mybot_description' build argument 'ament_cmake_args' from command line to 'None'
[0.654s] Level 5:colcon.colcon_core.verb:set package 'mybot_description' build argument 'catkin_cmake_args' from command line to 'None'
[0.654s] Level 5:colcon.colcon_core.verb:set package 'mybot_description' build argument 'catkin_skip_building_tests' from command line to 'False'
[0.654s] DEBUG:colcon.colcon_core.verb:Building package 'mybot_description' with the following arguments: {'ament_cmake_args': None, 'build_base': '/home/nihil/gbot_ws/build/mybot_description', 'catkin_cmake_args': None, 'catkin_skip_building_tests': False, 'cmake_args': None, 'cmake_clean_cache': False, 'cmake_clean_first': False, 'cmake_force_configure': False, 'cmake_target': None, 'cmake_target_skip_unavailable': False, 'install_base': '/home/nihil/gbot_ws/install/mybot_description', 'merge_install': False, 'path': '/home/nihil/gbot_ws/src/mybot_description', 'symlink_install': False, 'test_result_base': None}
[0.654s] Level 5:colcon.colcon_core.verb:set package 'mybot_nav' build argument 'cmake_args' from command line to 'None'
[0.654s] Level 5:colcon.colcon_core.verb:set package 'mybot_nav' build argument 'cmake_target' from command line to 'None'
[0.654s] Level 5:colcon.colcon_core.verb:set package 'mybot_nav' build argument 'cmake_target_skip_unavailable' from command line to 'False'
[0.654s] Level 5:colcon.colcon_core.verb:set package 'mybot_nav' build argument 'cmake_clean_cache' from command line to 'False'
[0.654s] Level 5:colcon.colcon_core.verb:set package 'mybot_nav' build argument 'cmake_clean_first' from command line to 'False'
[0.655s] Level 5:colcon.colcon_core.verb:set package 'mybot_nav' build argument 'cmake_force_configure' from command line to 'False'
[0.655s] Level 5:colcon.colcon_core.verb:set package 'mybot_nav' build argument 'ament_cmake_args' from command line to 'None'
[0.655s] Level 5:colcon.colcon_core.verb:set package 'mybot_nav' build argument 'catkin_cmake_args' from command line to 'None'
[0.655s] Level 5:colcon.colcon_core.verb:set package 'mybot_nav' build argument 'catkin_skip_building_tests' from command line to 'False'
[0.655s] DEBUG:colcon.colcon_core.verb:Building package 'mybot_nav' with the following arguments: {'ament_cmake_args': None, 'build_base': '/home/nihil/gbot_ws/build/mybot_nav', 'catkin_cmake_args': None, 'catkin_skip_building_tests': False, 'cmake_args': None, 'cmake_clean_cache': False, 'cmake_clean_first': False, 'cmake_force_configure': False, 'cmake_target': None, 'cmake_target_skip_unavailable': False, 'install_base': '/home/nihil/gbot_ws/install/mybot_nav', 'merge_install': False, 'path': '/home/nihil/gbot_ws/src/mybot_nav', 'symlink_install': False, 'test_result_base': None}
[0.655s] Level 5:colcon.colcon_core.verb:set package 'rplidar_ros' build argument 'cmake_args' from command line to 'None'
[0.655s] Level 5:colcon.colcon_core.verb:set package 'rplidar_ros' build argument 'cmake_target' from command line to 'None'
[0.655s] Level 5:colcon.colcon_core.verb:set package 'rplidar_ros' build argument 'cmake_target_skip_unavailable' from command line to 'False'
[0.655s] Level 5:colcon.colcon_core.verb:set package 'rplidar_ros' build argument 'cmake_clean_cache' from command line to 'False'
[0.655s] Level 5:colcon.colcon_core.verb:set package 'rplidar_ros' build argument 'cmake_clean_first' from command line to 'False'
[0.655s] Level 5:colcon.colcon_core.verb:set package 'rplidar_ros' build argument 'cmake_force_configure' from command line to 'False'
[0.655s] Level 5:colcon.colcon_core.verb:set package 'rplidar_ros' build argument 'ament_cmake_args' from command line to 'None'
[0.655s] Level 5:colcon.colcon_core.verb:set package 'rplidar_ros' build argument 'catkin_cmake_args' from command line to 'None'
[0.655s] Level 5:colcon.colcon_core.verb:set package 'rplidar_ros' build argument 'catkin_skip_building_tests' from command line to 'False'
[0.655s] DEBUG:colcon.colcon_core.verb:Building package 'rplidar_ros' with the following arguments: {'ament_cmake_args': None, 'build_base': '/home/nihil/gbot_ws/build/rplidar_ros', 'catkin_cmake_args': None, 'catkin_skip_building_tests': False, 'cmake_args': None, 'cmake_clean_cache': False, 'cmake_clean_first': False, 'cmake_force_configure': False, 'cmake_target': None, 'cmake_target_skip_unavailable': False, 'install_base': '/home/nihil/gbot_ws/install/rplidar_ros', 'merge_install': False, 'path': '/home/nihil/gbot_ws/src/rplidar_ros', 'symlink_install': False, 'test_result_base': None}
[0.655s] INFO:colcon.colcon_core.executor:Executing jobs using 'parallel' executor
[0.657s] DEBUG:colcon.colcon_parallel_executor.executor.parallel:run_until_complete
[0.657s] INFO:colcon.colcon_ros.task.ament_cmake.build:Building ROS package in '/home/nihil/gbot_ws/src/mybot_cartographer' with build type 'ament_cmake'
[0.657s] INFO:colcon.colcon_cmake.task.cmake.build:Building CMake package in '/home/nihil/gbot_ws/src/mybot_cartographer'
[0.671s] INFO:colcon.colcon_core.plugin_system:Skipping extension 'colcon_core.shell.bat': Not used on non-Windows systems
[0.672s] INFO:colcon.colcon_core.shell:Skip shell extension 'powershell' for command environment: Not usable outside of PowerShell
[0.672s] DEBUG:colcon.colcon_core.shell:Skip shell extension 'dsv' for command environment
[0.681s] INFO:colcon.colcon_ros.task.ament_python.build:Building ROS package in '/home/nihil/gbot_ws/src/mybot_description' with build type 'ament_python'
[0.681s] Level 1:colcon.colcon_core.shell:create_environment_hook('mybot_description', 'ament_prefix_path')
[0.682s] INFO:colcon.colcon_core.shell:Creating environment hook '/home/nihil/gbot_ws/install/mybot_description/share/mybot_description/hook/ament_prefix_path.ps1'
[0.684s] INFO:colcon.colcon_core.shell:Creating environment descriptor '/home/nihil/gbot_ws/install/mybot_description/share/mybot_description/hook/ament_prefix_path.dsv'
[0.685s] INFO:colcon.colcon_core.shell:Creating environment hook '/home/nihil/gbot_ws/install/mybot_description/share/mybot_description/hook/ament_prefix_path.sh'
[0.687s] INFO:colcon.colcon_core.shell:Skip shell extension 'powershell' for command environment: Not usable outside of PowerShell
[0.687s] DEBUG:colcon.colcon_core.shell:Skip shell extension 'dsv' for command environment
[0.695s] INFO:colcon.colcon_ros.task.ament_python.build:Building ROS package in '/home/nihil/gbot_ws/src/mybot_nav' with build type 'ament_python'
[0.695s] Level 1:colcon.colcon_core.shell:create_environment_hook('mybot_nav', 'ament_prefix_path')
[0.695s] INFO:colcon.colcon_core.shell:Creating environment hook '/home/nihil/gbot_ws/install/mybot_nav/share/mybot_nav/hook/ament_prefix_path.ps1'
[0.696s] INFO:colcon.colcon_core.shell:Creating environment descriptor '/home/nihil/gbot_ws/install/mybot_nav/share/mybot_nav/hook/ament_prefix_path.dsv'
[0.697s] INFO:colcon.colcon_core.shell:Creating environment hook '/home/nihil/gbot_ws/install/mybot_nav/share/mybot_nav/hook/ament_prefix_path.sh'
[0.698s] INFO:colcon.colcon_core.shell:Skip shell extension 'powershell' for command environment: Not usable outside of PowerShell
[0.698s] DEBUG:colcon.colcon_core.shell:Skip shell extension 'dsv' for command environment
[0.704s] INFO:colcon.colcon_ros.task.ament_cmake.build:Building ROS package in '/home/nihil/gbot_ws/src/rplidar_ros' with build type 'ament_cmake'
[0.704s] INFO:colcon.colcon_cmake.task.cmake.build:Building CMake package in '/home/nihil/gbot_ws/src/rplidar_ros'
[0.705s] INFO:colcon.colcon_core.shell:Skip shell extension 'powershell' for command environment: Not usable outside of PowerShell
[0.705s] DEBUG:colcon.colcon_core.shell:Skip shell extension 'dsv' for command environment
[0.722s] DEBUG:colcon.colcon_core.event_handler.log_command:Invoking command in '/home/nihil/gbot_ws/build/mybot_cartographer': CMAKE_PREFIX_PATH=${CMAKE_PREFIX_PATH}:/home/nihil/gbot_ws/install/mybot_nav:/home/nihil/gbot_ws/install/mybot_description:/opt/ros/jazzy DEBUGINFOD_URLS=https://debuginfod.ubuntu.com /usr/bin/cmake --build /home/nihil/gbot_ws/build/mybot_cartographer -- -j4 -l4
[1.067s] INFO:colcon.colcon_core.task.python.build:Building Python package in '/home/nihil/gbot_ws/src/mybot_description'
[1.067s] INFO:colcon.colcon_core.shell:Skip shell extension 'powershell' for command environment: Not usable outside of PowerShell
[1.067s] DEBUG:colcon.colcon_core.shell:Skip shell extension 'dsv' for command environment
[1.439s] INFO:colcon.colcon_core.task.python.build:Building Python package in '/home/nihil/gbot_ws/src/mybot_nav'
[1.440s] INFO:colcon.colcon_core.shell:Skip shell extension 'powershell' for command environment: Not usable outside of PowerShell
[1.440s] DEBUG:colcon.colcon_core.shell:Skip shell extension 'dsv' for command environment
[1.448s] DEBUG:colcon.colcon_core.event_handler.log_command:Invoked command in '/home/nihil/gbot_ws/build/mybot_cartographer' returned '0': CMAKE_PREFIX_PATH=${CMAKE_PREFIX_PATH}:/home/nihil/gbot_ws/install/mybot_nav:/home/nihil/gbot_ws/install/mybot_description:/opt/ros/jazzy DEBUGINFOD_URLS=https://debuginfod.ubuntu.com /usr/bin/cmake --build /home/nihil/gbot_ws/build/mybot_cartographer -- -j4 -l4
[1.483s] DEBUG:colcon.colcon_core.event_handler.log_command:Invoking command in '/home/nihil/gbot_ws/build/mybot_cartographer': CMAKE_PREFIX_PATH=${CMAKE_PREFIX_PATH}:/home/nihil/gbot_ws/install/mybot_nav:/home/nihil/gbot_ws/install/mybot_description:/opt/ros/jazzy DEBUGINFOD_URLS=https://debuginfod.ubuntu.com /usr/bin/cmake --install /home/nihil/gbot_ws/build/mybot_cartographer
[1.487s] DEBUG:colcon.colcon_core.event_handler.log_command:Invoking command in '/home/nihil/gbot_ws/build/rplidar_ros': CMAKE_PREFIX_PATH=${CMAKE_PREFIX_PATH}:/home/nihil/gbot_ws/install/mybot_nav:/home/nihil/gbot_ws/install/mybot_description:/opt/ros/jazzy DEBUGINFOD_URLS=https://debuginfod.ubuntu.com /usr/bin/cmake /home/nihil/gbot_ws/src/rplidar_ros -DCMAKE_INSTALL_PREFIX=/home/nihil/gbot_ws/install/rplidar_ros
[1.524s] Level 1:colcon.colcon_core.environment:create_environment_scripts_only(mybot_cartographer)
[1.525s] DEBUG:colcon.colcon_core.event_handler.log_command:Invoked command in '/home/nihil/gbot_ws/build/mybot_cartographer' returned '0': CMAKE_PREFIX_PATH=${CMAKE_PREFIX_PATH}:/home/nihil/gbot_ws/install/mybot_nav:/home/nihil/gbot_ws/install/mybot_description:/opt/ros/jazzy DEBUGINFOD_URLS=https://debuginfod.ubuntu.com /usr/bin/cmake --install /home/nihil/gbot_ws/build/mybot_cartographer
[1.551s] Level 1:colcon.colcon_core.environment:checking '/home/nihil/gbot_ws/install/mybot_cartographer' for CMake module files
[1.552s] Level 1:colcon.colcon_core.environment:checking '/home/nihil/gbot_ws/install/mybot_cartographer' for CMake config files
[1.553s] Level 1:colcon.colcon_core.shell:create_environment_hook('mybot_cartographer', 'cmake_prefix_path')
[1.554s] INFO:colcon.colcon_core.shell:Creating environment hook '/home/nihil/gbot_ws/install/mybot_cartographer/share/mybot_cartographer/hook/cmake_prefix_path.ps1'
[1.555s] INFO:colcon.colcon_core.shell:Creating environment descriptor '/home/nihil/gbot_ws/install/mybot_cartographer/share/mybot_cartographer/hook/cmake_prefix_path.dsv'
[1.556s] INFO:colcon.colcon_core.shell:Creating environment hook '/home/nihil/gbot_ws/install/mybot_cartographer/share/mybot_cartographer/hook/cmake_prefix_path.sh'
[1.557s] Level 1:colcon.colcon_core.environment:checking '/home/nihil/gbot_ws/install/mybot_cartographer/bin'
[1.557s] Level 1:colcon.colcon_core.environment:checking '/home/nihil/gbot_ws/install/mybot_cartographer/lib/pkgconfig/mybot_cartographer.pc'
[1.558s] Level 1:colcon.colcon_core.environment:checking '/home/nihil/gbot_ws/install/mybot_cartographer/lib/python3.12/site-packages'
[1.558s] Level 1:colcon.colcon_core.environment:checking '/home/nihil/gbot_ws/install/mybot_cartographer/bin'
[1.559s] INFO:colcon.colcon_core.shell:Creating package script '/home/nihil/gbot_ws/install/mybot_cartographer/share/mybot_cartographer/package.ps1'
[1.561s] INFO:colcon.colcon_core.shell:Creating package descriptor '/home/nihil/gbot_ws/install/mybot_cartographer/share/mybot_cartographer/package.dsv'
[1.564s] INFO:colcon.colcon_core.shell:Creating package script '/home/nihil/gbot_ws/install/mybot_cartographer/share/mybot_cartographer/package.sh'
[1.566s] INFO:colcon.colcon_core.shell:Creating package script '/home/nihil/gbot_ws/install/mybot_cartographer/share/mybot_cartographer/package.bash'
[1.569s] INFO:colcon.colcon_core.shell:Creating package script '/home/nihil/gbot_ws/install/mybot_cartographer/share/mybot_cartographer/package.zsh'
[1.572s] Level 1:colcon.colcon_core.environment:create_file_with_runtime_dependencies(/home/nihil/gbot_ws/install/mybot_cartographer/share/colcon-core/packages/mybot_cartographer)
[1.573s] Level 1:colcon.colcon_core.environment:create_environment_scripts_only(mybot_cartographer)
[1.573s] Level 1:colcon.colcon_core.environment:checking '/home/nihil/gbot_ws/install/mybot_cartographer' for CMake module files
[1.574s] Level 1:colcon.colcon_core.environment:checking '/home/nihil/gbot_ws/install/mybot_cartographer' for CMake config files
[1.575s] Level 1:colcon.colcon_core.shell:create_environment_hook('mybot_cartographer', 'cmake_prefix_path')
[1.575s] INFO:colcon.colcon_core.shell:Creating environment hook '/home/nihil/gbot_ws/install/mybot_cartographer/share/mybot_cartographer/hook/cmake_prefix_path.ps1'
[1.576s] INFO:colcon.colcon_core.shell:Creating environment descriptor '/home/nihil/gbot_ws/install/mybot_cartographer/share/mybot_cartographer/hook/cmake_prefix_path.dsv'
[1.577s] INFO:colcon.colcon_core.shell:Creating environment hook '/home/nihil/gbot_ws/install/mybot_cartographer/share/mybot_cartographer/hook/cmake_prefix_path.sh'
[1.577s] Level 1:colcon.colcon_core.environment:checking '/home/nihil/gbot_ws/install/mybot_cartographer/bin'
[1.578s] Level 1:colcon.colcon_core.environment:checking '/home/nihil/gbot_ws/install/mybot_cartographer/lib/pkgconfig/mybot_cartographer.pc'
[1.578s] Level 1:colcon.colcon_core.environment:checking '/home/nihil/gbot_ws/install/mybot_cartographer/lib/python3.12/site-packages'
[1.578s] Level 1:colcon.colcon_core.environment:checking '/home/nihil/gbot_ws/install/mybot_cartographer/bin'
[1.579s] INFO:colcon.colcon_core.shell:Creating package script '/home/nihil/gbot_ws/install/mybot_cartographer/share/mybot_cartographer/package.ps1'
[1.581s] INFO:colcon.colcon_core.shell:Creating package descriptor '/home/nihil/gbot_ws/install/mybot_cartographer/share/mybot_cartographer/package.dsv'
[1.582s] INFO:colcon.colcon_core.shell:Creating package script '/home/nihil/gbot_ws/install/mybot_cartographer/share/mybot_cartographer/package.sh'
[1.583s] INFO:colcon.colcon_core.shell:Creating package script '/home/nihil/gbot_ws/install/mybot_cartographer/share/mybot_cartographer/package.bash'
[1.585s] INFO:colcon.colcon_core.shell:Creating package script '/home/nihil/gbot_ws/install/mybot_cartographer/share/mybot_cartographer/package.zsh'
[1.586s] Level 1:colcon.colcon_core.environment:create_file_with_runtime_dependencies(/home/nihil/gbot_ws/install/mybot_cartographer/share/colcon-core/packages/mybot_cartographer)
[3.430s] DEBUG:colcon.colcon_core.event_handler.log_command:Invoking command in '/home/nihil/gbot_ws/src/mybot_nav': DEBUGINFOD_URLS=https://debuginfod.ubuntu.com PYTHONPATH=/home/nihil/gbot_ws/build/mybot_nav/prefix_override:/usr/lib/python3/dist-packages/colcon_core/task/python/colcon_distutils_commands:/home/nihil/gbot_ws/install/mybot_nav/lib/python3.12/site-packages:${PYTHONPATH} /usr/bin/python3 -W ignore:setup.py install is deprecated -W ignore:easy_install command is deprecated setup.py egg_info --egg-base ../../build/mybot_nav build --build-base /home/nihil/gbot_ws/build/mybot_nav/build install --record /home/nihil/gbot_ws/build/mybot_nav/install.log --single-version-externally-managed install_data
[3.439s] DEBUG:colcon.colcon_core.event_handler.log_command:Invoking command in '/home/nihil/gbot_ws/src/mybot_description': DEBUGINFOD_URLS=https://debuginfod.ubuntu.com PYTHONPATH=/home/nihil/gbot_ws/build/mybot_description/prefix_override:/usr/lib/python3/dist-packages/colcon_core/task/python/colcon_distutils_commands:/home/nihil/gbot_ws/install/mybot_description/lib/python3.12/site-packages:${PYTHONPATH} /usr/bin/python3 -W ignore:setup.py install is deprecated -W ignore:easy_install command is deprecated setup.py egg_info --egg-base ../../build/mybot_description build --build-base /home/nihil/gbot_ws/build/mybot_description/build install --record /home/nihil/gbot_ws/build/mybot_description/install.log --single-version-externally-managed install_data
[4.411s] Level 1:colcon.colcon_core.environment:checking '/home/nihil/gbot_ws/install/mybot_description' for CMake module files
[4.412s] DEBUG:colcon.colcon_core.event_handler.log_command:Invoked command in '/home/nihil/gbot_ws/src/mybot_description' returned '0': DEBUGINFOD_URLS=https://debuginfod.ubuntu.com PYTHONPATH=/home/nihil/gbot_ws/build/mybot_description/prefix_override:/usr/lib/python3/dist-packages/colcon_core/task/python/colcon_distutils_commands:/home/nihil/gbot_ws/install/mybot_description/lib/python3.12/site-packages:${PYTHONPATH} /usr/bin/python3 -W ignore:setup.py install is deprecated -W ignore:easy_install command is deprecated setup.py egg_info --egg-base ../../build/mybot_description build --build-base /home/nihil/gbot_ws/build/mybot_description/build install --record /home/nihil/gbot_ws/build/mybot_description/install.log --single-version-externally-managed install_data
[4.413s] Level 1:colcon.colcon_core.environment:checking '/home/nihil/gbot_ws/install/mybot_description' for CMake config files
[4.414s] Level 1:colcon.colcon_core.environment:checking '/home/nihil/gbot_ws/install/mybot_description/lib'
[4.415s] Level 1:colcon.colcon_core.environment:checking '/home/nihil/gbot_ws/install/mybot_description/bin'
[4.415s] Level 1:colcon.colcon_core.environment:checking '/home/nihil/gbot_ws/install/mybot_description/lib/pkgconfig/mybot_description.pc'
[4.415s] Level 1:colcon.colcon_core.environment:checking '/home/nihil/gbot_ws/install/mybot_description/lib/python3.12/site-packages'
[4.415s] Level 1:colcon.colcon_core.shell:create_environment_hook('mybot_description', 'pythonpath')
[4.416s] INFO:colcon.colcon_core.shell:Creating environment hook '/home/nihil/gbot_ws/install/mybot_description/share/mybot_description/hook/pythonpath.ps1'
[4.417s] INFO:colcon.colcon_core.shell:Creating environment descriptor '/home/nihil/gbot_ws/install/mybot_description/share/mybot_description/hook/pythonpath.dsv'
[4.418s] INFO:colcon.colcon_core.shell:Creating environment hook '/home/nihil/gbot_ws/install/mybot_description/share/mybot_description/hook/pythonpath.sh'
[4.419s] Level 1:colcon.colcon_core.environment:checking '/home/nihil/gbot_ws/install/mybot_description/bin'
[4.420s] Level 1:colcon.colcon_core.environment:create_environment_scripts_only(mybot_description)
[4.420s] INFO:colcon.colcon_core.shell:Creating package script '/home/nihil/gbot_ws/install/mybot_description/share/mybot_description/package.ps1'
[4.421s] INFO:colcon.colcon_core.shell:Creating package descriptor '/home/nihil/gbot_ws/install/mybot_description/share/mybot_description/package.dsv'
[4.422s] INFO:colcon.colcon_core.shell:Creating package script '/home/nihil/gbot_ws/install/mybot_description/share/mybot_description/package.sh'
[4.424s] INFO:colcon.colcon_core.shell:Creating package script '/home/nihil/gbot_ws/install/mybot_description/share/mybot_description/package.bash'
[4.425s] INFO:colcon.colcon_core.shell:Creating package script '/home/nihil/gbot_ws/install/mybot_description/share/mybot_description/package.zsh'
[4.427s] Level 1:colcon.colcon_core.environment:create_file_with_runtime_dependencies(/home/nihil/gbot_ws/install/mybot_description/share/colcon-core/packages/mybot_description)
[4.429s] Level 1:colcon.colcon_core.environment:checking '/home/nihil/gbot_ws/install/mybot_nav' for CMake module files
[4.429s] DEBUG:colcon.colcon_core.event_handler.log_command:Invoked command in '/home/nihil/gbot_ws/src/mybot_nav' returned '0': DEBUGINFOD_URLS=https://debuginfod.ubuntu.com PYTHONPATH=/home/nihil/gbot_ws/build/mybot_nav/prefix_override:/usr/lib/python3/dist-packages/colcon_core/task/python/colcon_distutils_commands:/home/nihil/gbot_ws/install/mybot_nav/lib/python3.12/site-packages:${PYTHONPATH} /usr/bin/python3 -W ignore:setup.py install is deprecated -W ignore:easy_install command is deprecated setup.py egg_info --egg-base ../../build/mybot_nav build --build-base /home/nihil/gbot_ws/build/mybot_nav/build install --record /home/nihil/gbot_ws/build/mybot_nav/install.log --single-version-externally-managed install_data
[4.430s] Level 1:colcon.colcon_core.environment:checking '/home/nihil/gbot_ws/install/mybot_nav' for CMake config files
[4.431s] Level 1:colcon.colcon_core.environment:checking '/home/nihil/gbot_ws/install/mybot_nav/lib'
[4.431s] Level 1:colcon.colcon_core.environment:checking '/home/nihil/gbot_ws/install/mybot_nav/bin'
[4.431s] Level 1:colcon.colcon_core.environment:checking '/home/nihil/gbot_ws/install/mybot_nav/lib/pkgconfig/mybot_nav.pc'
[4.431s] Level 1:colcon.colcon_core.environment:checking '/home/nihil/gbot_ws/install/mybot_nav/lib/python3.12/site-packages'
[4.431s] Level 1:colcon.colcon_core.shell:create_environment_hook('mybot_nav', 'pythonpath')
[4.432s] INFO:colcon.colcon_core.shell:Creating environment hook '/home/nihil/gbot_ws/install/mybot_nav/share/mybot_nav/hook/pythonpath.ps1'
[4.432s] INFO:colcon.colcon_core.shell:Creating environment descriptor '/home/nihil/gbot_ws/install/mybot_nav/share/mybot_nav/hook/pythonpath.dsv'
[4.434s] INFO:colcon.colcon_core.shell:Creating environment hook '/home/nihil/gbot_ws/install/mybot_nav/share/mybot_nav/hook/pythonpath.sh'
[4.435s] Level 1:colcon.colcon_core.environment:checking '/home/nihil/gbot_ws/install/mybot_nav/bin'
[4.435s] Level 1:colcon.colcon_core.environment:create_environment_scripts_only(mybot_nav)
[4.436s] INFO:colcon.colcon_core.shell:Creating package script '/home/nihil/gbot_ws/install/mybot_nav/share/mybot_nav/package.ps1'
[4.438s] INFO:colcon.colcon_core.shell:Creating package descriptor '/home/nihil/gbot_ws/install/mybot_nav/share/mybot_nav/package.dsv'
[4.439s] INFO:colcon.colcon_core.shell:Creating package script '/home/nihil/gbot_ws/install/mybot_nav/share/mybot_nav/package.sh'
[4.440s] INFO:colcon.colcon_core.shell:Creating package script '/home/nihil/gbot_ws/install/mybot_nav/share/mybot_nav/package.bash'
[4.448s] INFO:colcon.colcon_core.shell:Creating package script '/home/nihil/gbot_ws/install/mybot_nav/share/mybot_nav/package.zsh'
[4.451s] Level 1:colcon.colcon_core.environment:create_file_with_runtime_dependencies(/home/nihil/gbot_ws/install/mybot_nav/share/colcon-core/packages/mybot_nav)
[5.262s] DEBUG:colcon.colcon_core.event_handler.log_command:Invoked command in '/home/nihil/gbot_ws/build/rplidar_ros' returned '0': CMAKE_PREFIX_PATH=${CMAKE_PREFIX_PATH}:/home/nihil/gbot_ws/install/mybot_nav:/home/nihil/gbot_ws/install/mybot_description:/opt/ros/jazzy DEBUGINFOD_URLS=https://debuginfod.ubuntu.com /usr/bin/cmake /home/nihil/gbot_ws/src/rplidar_ros -DCMAKE_INSTALL_PREFIX=/home/nihil/gbot_ws/install/rplidar_ros
[5.264s] DEBUG:colcon.colcon_core.event_handler.log_command:Invoking command in '/home/nihil/gbot_ws/build/rplidar_ros': CMAKE_PREFIX_PATH=${CMAKE_PREFIX_PATH}:/home/nihil/gbot_ws/install/mybot_nav:/home/nihil/gbot_ws/install/mybot_description:/opt/ros/jazzy DEBUGINFOD_URLS=https://debuginfod.ubuntu.com /usr/bin/cmake --build /home/nihil/gbot_ws/build/rplidar_ros -- -j4 -l4
[29.395s] DEBUG:colcon.colcon_core.event_handler.log_command:Invoked command in '/home/nihil/gbot_ws/build/rplidar_ros' returned '0': CMAKE_PREFIX_PATH=${CMAKE_PREFIX_PATH}:/home/nihil/gbot_ws/install/mybot_nav:/home/nihil/gbot_ws/install/mybot_description:/opt/ros/jazzy DEBUGINFOD_URLS=https://debuginfod.ubuntu.com /usr/bin/cmake --build /home/nihil/gbot_ws/build/rplidar_ros -- -j4 -l4
[29.397s] DEBUG:colcon.colcon_core.event_handler.log_command:Invoking command in '/home/nihil/gbot_ws/build/rplidar_ros': CMAKE_PREFIX_PATH=${CMAKE_PREFIX_PATH}:/home/nihil/gbot_ws/install/mybot_nav:/home/nihil/gbot_ws/install/mybot_description:/opt/ros/jazzy DEBUGINFOD_URLS=https://debuginfod.ubuntu.com /usr/bin/cmake --install /home/nihil/gbot_ws/build/rplidar_ros
[29.456s] Level 1:colcon.colcon_core.environment:create_environment_scripts_only(rplidar_ros)
[29.456s] Level 1:colcon.colcon_core.environment:checking '/home/nihil/gbot_ws/install/rplidar_ros' for CMake module files
[29.457s] DEBUG:colcon.colcon_core.event_handler.log_command:Invoked command in '/home/nihil/gbot_ws/build/rplidar_ros' returned '0': CMAKE_PREFIX_PATH=${CMAKE_PREFIX_PATH}:/home/nihil/gbot_ws/install/mybot_nav:/home/nihil/gbot_ws/install/mybot_description:/opt/ros/jazzy DEBUGINFOD_URLS=https://debuginfod.ubuntu.com /usr/bin/cmake --install /home/nihil/gbot_ws/build/rplidar_ros
[29.458s] Level 1:colcon.colcon_core.environment:checking '/home/nihil/gbot_ws/install/rplidar_ros' for CMake config files
[29.458s] Level 1:colcon.colcon_core.shell:create_environment_hook('rplidar_ros', 'cmake_prefix_path')
[29.458s] INFO:colcon.colcon_core.shell:Creating environment hook '/home/nihil/gbot_ws/install/rplidar_ros/share/rplidar_ros/hook/cmake_prefix_path.ps1'
[29.459s] INFO:colcon.colcon_core.shell:Creating environment descriptor '/home/nihil/gbot_ws/install/rplidar_ros/share/rplidar_ros/hook/cmake_prefix_path.dsv'
[29.459s] INFO:colcon.colcon_core.shell:Creating environment hook '/home/nihil/gbot_ws/install/rplidar_ros/share/rplidar_ros/hook/cmake_prefix_path.sh'
[29.460s] Level 1:colcon.colcon_core.environment:checking '/home/nihil/gbot_ws/install/rplidar_ros/lib'
[29.460s] Level 1:colcon.colcon_core.environment:checking '/home/nihil/gbot_ws/install/rplidar_ros/bin'
[29.460s] Level 1:colcon.colcon_core.environment:checking '/home/nihil/gbot_ws/install/rplidar_ros/lib/pkgconfig/rplidar_ros.pc'
[29.460s] Level 1:colcon.colcon_core.environment:checking '/home/nihil/gbot_ws/install/rplidar_ros/lib/python3.12/site-packages'
[29.461s] Level 1:colcon.colcon_core.environment:checking '/home/nihil/gbot_ws/install/rplidar_ros/bin'
[29.461s] INFO:colcon.colcon_core.shell:Creating package script '/home/nihil/gbot_ws/install/rplidar_ros/share/rplidar_ros/package.ps1'
[29.461s] INFO:colcon.colcon_core.shell:Creating package descriptor '/home/nihil/gbot_ws/install/rplidar_ros/share/rplidar_ros/package.dsv'
[29.462s] INFO:colcon.colcon_core.shell:Creating package script '/home/nihil/gbot_ws/install/rplidar_ros/share/rplidar_ros/package.sh'
[29.462s] INFO:colcon.colcon_core.shell:Creating package script '/home/nihil/gbot_ws/install/rplidar_ros/share/rplidar_ros/package.bash'
[29.463s] INFO:colcon.colcon_core.shell:Creating package script '/home/nihil/gbot_ws/install/rplidar_ros/share/rplidar_ros/package.zsh'
[29.463s] Level 1:colcon.colcon_core.environment:create_file_with_runtime_dependencies(/home/nihil/gbot_ws/install/rplidar_ros/share/colcon-core/packages/rplidar_ros)
[29.464s] Level 1:colcon.colcon_core.environment:create_environment_scripts_only(rplidar_ros)
[29.464s] Level 1:colcon.colcon_core.environment:checking '/home/nihil/gbot_ws/install/rplidar_ros' for CMake module files
[29.465s] Level 1:colcon.colcon_core.environment:checking '/home/nihil/gbot_ws/install/rplidar_ros' for CMake config files
[29.465s] Level 1:colcon.colcon_core.shell:create_environment_hook('rplidar_ros', 'cmake_prefix_path')
[29.465s] INFO:colcon.colcon_core.shell:Creating environment hook '/home/nihil/gbot_ws/install/rplidar_ros/share/rplidar_ros/hook/cmake_prefix_path.ps1'
[29.469s] INFO:colcon.colcon_core.shell:Creating environment descriptor '/home/nihil/gbot_ws/install/rplidar_ros/share/rplidar_ros/hook/cmake_prefix_path.dsv'
[29.470s] INFO:colcon.colcon_core.shell:Creating environment hook '/home/nihil/gbot_ws/install/rplidar_ros/share/rplidar_ros/hook/cmake_prefix_path.sh'
[29.471s] Level 1:colcon.colcon_core.environment:checking '/home/nihil/gbot_ws/install/rplidar_ros/lib'
[29.471s] Level 1:colcon.colcon_core.environment:checking '/home/nihil/gbot_ws/install/rplidar_ros/bin'
[29.471s] Level 1:colcon.colcon_core.environment:checking '/home/nihil/gbot_ws/install/rplidar_ros/lib/pkgconfig/rplidar_ros.pc'
[29.472s] Level 1:colcon.colcon_core.environment:checking '/home/nihil/gbot_ws/install/rplidar_ros/lib/python3.12/site-packages'
[29.472s] Level 1:colcon.colcon_core.environment:checking '/home/nihil/gbot_ws/install/rplidar_ros/bin'
[29.472s] INFO:colcon.colcon_core.shell:Creating package script '/home/nihil/gbot_ws/install/rplidar_ros/share/rplidar_ros/package.ps1'
[29.473s] INFO:colcon.colcon_core.shell:Creating package descriptor '/home/nihil/gbot_ws/install/rplidar_ros/share/rplidar_ros/package.dsv'
[29.474s] INFO:colcon.colcon_core.shell:Creating package script '/home/nihil/gbot_ws/install/rplidar_ros/share/rplidar_ros/package.sh'
[29.475s] INFO:colcon.colcon_core.shell:Creating package script '/home/nihil/gbot_ws/install/rplidar_ros/share/rplidar_ros/package.bash'
[29.478s] INFO:colcon.colcon_core.shell:Creating package script '/home/nihil/gbot_ws/install/rplidar_ros/share/rplidar_ros/package.zsh'
[29.479s] Level 1:colcon.colcon_core.environment:create_file_with_runtime_dependencies(/home/nihil/gbot_ws/install/rplidar_ros/share/colcon-core/packages/rplidar_ros)
[29.480s] DEBUG:colcon.colcon_parallel_executor.executor.parallel:closing loop
[29.482s] DEBUG:colcon.colcon_parallel_executor.executor.parallel:loop closed
[29.482s] DEBUG:colcon.colcon_parallel_executor.executor.parallel:run_until_complete finished with '0'
[29.482s] DEBUG:colcon.colcon_core.event_reactor:joining thread
[29.498s] INFO:colcon.colcon_core.plugin_system:Skipping extension 'colcon_notification.desktop_notification.terminal_notifier': Not used on non-Darwin systems
[29.498s] INFO:colcon.colcon_core.plugin_system:Skipping extension 'colcon_notification.desktop_notification.win32': Not used on non-Windows systems
[29.498s] INFO:colcon.colcon_notification.desktop_notification:Sending desktop notification using 'notify2'
[29.500s] DEBUG:colcon.colcon_notification.desktop_notification.notify2:Failed to initialize notify2: org.freedesktop.DBus.Error.ServiceUnknown: The name org.freedesktop.Notifications was not provided by any .service files
[29.500s] DEBUG:colcon.colcon_core.event_reactor:joined thread
[29.500s] INFO:colcon.colcon_core.shell:Creating prefix script '/home/nihil/gbot_ws/install/local_setup.ps1'
[29.502s] INFO:colcon.colcon_core.shell:Creating prefix util module '/home/nihil/gbot_ws/install/_local_setup_util_ps1.py'
[29.507s] INFO:colcon.colcon_core.shell:Creating prefix chain script '/home/nihil/gbot_ws/install/setup.ps1'
[29.511s] INFO:colcon.colcon_core.shell:Creating prefix script '/home/nihil/gbot_ws/install/local_setup.sh'
[29.513s] INFO:colcon.colcon_core.shell:Creating prefix util module '/home/nihil/gbot_ws/install/_local_setup_util_sh.py'
[29.514s] INFO:colcon.colcon_core.shell:Creating prefix chain script '/home/nihil/gbot_ws/install/setup.sh'
[29.518s] INFO:colcon.colcon_core.shell:Creating prefix script '/home/nihil/gbot_ws/install/local_setup.bash'
[29.521s] INFO:colcon.colcon_core.shell:Creating prefix chain script '/home/nihil/gbot_ws/install/setup.bash'
[29.523s] INFO:colcon.colcon_core.shell:Creating prefix script '/home/nihil/gbot_ws/install/local_setup.zsh'
[29.525s] INFO:colcon.colcon_core.shell:Creating prefix chain script '/home/nihil/gbot_ws/install/setup.zsh'
