[0.166s] DEBUG:colcon:Command line arguments: ['/usr/bin/colcon', 'build', '--packages-select', 'mybot_cartographer']
[0.167s] DEBUG:colcon:Parsed command line arguments: Namespace(log_base=None, log_level=None, verb_name='build', build_base='build', install_base='install', merge_install=False, symlink_install=False, test_result_base=None, continue_on_error=False, executor='parallel', parallel_workers=4, event_handlers=None, ignore_user_meta=False, metas=['./colcon.meta'], base_paths=['.'], packages_ignore=None, packages_ignore_regex=None, paths=None, packages_up_to=None, packages_up_to_regex=None, packages_above=None, packages_above_and_dependencies=None, packages_above_depth=None, packages_select_by_dep=None, packages_skip_by_dep=None, packages_skip_up_to=None, packages_select_build_failed=False, packages_skip_build_finished=False, packages_select_test_failures=False, packages_skip_test_passed=False, packages_select=['mybot_cartographer'], packages_skip=None, packages_select_regex=None, packages_skip_regex=None, packages_start=None, packages_end=None, allow_overriding=[], cmake_args=None, cmake_target=None, cmake_target_skip_unavailable=False, cmake_clean_cache=False, cmake_clean_first=False, cmake_force_configure=False, ament_cmake_args=None, catkin_cmake_args=None, catkin_skip_building_tests=False, verb_parser=<colcon_defaults.argument_parser.defaults.DefaultArgumentsDecorator object at 0xffff9531a450>, verb_extension=<colcon_core.verb.build.BuildVerb object at 0xffff9567d250>, main=<bound method BuildVerb.main of <colcon_core.verb.build.BuildVerb object at 0xffff9567d250>>)
[0.232s] Level 1:colcon.colcon_core.package_discovery:discover_packages(colcon_meta) check parameters
[0.232s] Level 1:colcon.colcon_core.package_discovery:discover_packages(recursive) check parameters
[0.232s] Level 1:colcon.colcon_core.package_discovery:discover_packages(ignore) check parameters
[0.232s] Level 1:colcon.colcon_core.package_discovery:discover_packages(path) check parameters
[0.232s] Level 1:colcon.colcon_core.package_discovery:discover_packages(colcon_meta) discover
[0.233s] Level 1:colcon.colcon_core.package_discovery:discover_packages(recursive) discover
[0.233s] INFO:colcon.colcon_core.package_discovery:Crawling recursively for packages in '/home/nihil/gbot_ws'
[0.233s] Level 1:colcon.colcon_core.package_identification:_identify(.) by extensions ['ignore', 'ignore_ament_install']
[0.233s] Level 1:colcon.colcon_core.package_identification:_identify(.) by extension 'ignore'
[0.233s] Level 1:colcon.colcon_core.package_identification:_identify(.) by extension 'ignore_ament_install'
[0.233s] Level 1:colcon.colcon_core.package_identification:_identify(.) by extensions ['colcon_pkg']
[0.233s] Level 1:colcon.colcon_core.package_identification:_identify(.) by extension 'colcon_pkg'
[0.233s] Level 1:colcon.colcon_core.package_identification:_identify(.) by extensions ['colcon_meta']
[0.233s] Level 1:colcon.colcon_core.package_identification:_identify(.) by extension 'colcon_meta'
[0.233s] Level 1:colcon.colcon_core.package_identification:_identify(.) by extensions ['ros']
[0.233s] Level 1:colcon.colcon_core.package_identification:_identify(.) by extension 'ros'
[0.276s] Level 1:colcon.colcon_core.package_identification:_identify(.) by extensions ['cmake', 'python']
[0.276s] Level 1:colcon.colcon_core.package_identification:_identify(.) by extension 'cmake'
[0.276s] Level 1:colcon.colcon_core.package_identification:_identify(.) by extension 'python'
[0.276s] Level 1:colcon.colcon_core.package_identification:_identify(.) by extensions ['python_setup_py']
[0.276s] Level 1:colcon.colcon_core.package_identification:_identify(.) by extension 'python_setup_py'
[0.276s] Level 1:colcon.colcon_core.package_identification:_identify(build) by extensions ['ignore', 'ignore_ament_install']
[0.277s] Level 1:colcon.colcon_core.package_identification:_identify(build) by extension 'ignore'
[0.277s] Level 1:colcon.colcon_core.package_identification:_identify(build) ignored
[0.277s] Level 1:colcon.colcon_core.package_identification:_identify(install) by extensions ['ignore', 'ignore_ament_install']
[0.277s] Level 1:colcon.colcon_core.package_identification:_identify(install) by extension 'ignore'
[0.277s] Level 1:colcon.colcon_core.package_identification:_identify(install) ignored
[0.278s] Level 1:colcon.colcon_core.package_identification:_identify(log) by extensions ['ignore', 'ignore_ament_install']
[0.278s] Level 1:colcon.colcon_core.package_identification:_identify(log) by extension 'ignore'
[0.278s] Level 1:colcon.colcon_core.package_identification:_identify(log) ignored
[0.278s] Level 1:colcon.colcon_core.package_identification:_identify(src) by extensions ['ignore', 'ignore_ament_install']
[0.278s] Level 1:colcon.colcon_core.package_identification:_identify(src) by extension 'ignore'
[0.279s] Level 1:colcon.colcon_core.package_identification:_identify(src) by extension 'ignore_ament_install'
[0.279s] Level 1:colcon.colcon_core.package_identification:_identify(src) by extensions ['colcon_pkg']
[0.279s] Level 1:colcon.colcon_core.package_identification:_identify(src) by extension 'colcon_pkg'
[0.279s] Level 1:colcon.colcon_core.package_identification:_identify(src) by extensions ['colcon_meta']
[0.279s] Level 1:colcon.colcon_core.package_identification:_identify(src) by extension 'colcon_meta'
[0.279s] Level 1:colcon.colcon_core.package_identification:_identify(src) by extensions ['ros']
[0.279s] Level 1:colcon.colcon_core.package_identification:_identify(src) by extension 'ros'
[0.279s] Level 1:colcon.colcon_core.package_identification:_identify(src) by extensions ['cmake', 'python']
[0.279s] Level 1:colcon.colcon_core.package_identification:_identify(src) by extension 'cmake'
[0.279s] Level 1:colcon.colcon_core.package_identification:_identify(src) by extension 'python'
[0.280s] Level 1:colcon.colcon_core.package_identification:_identify(src) by extensions ['python_setup_py']
[0.280s] Level 1:colcon.colcon_core.package_identification:_identify(src) by extension 'python_setup_py'
[0.280s] Level 1:colcon.colcon_core.package_identification:_identify(src/mybot_cartographer) by extensions ['ignore', 'ignore_ament_install']
[0.280s] Level 1:colcon.colcon_core.package_identification:_identify(src/mybot_cartographer) by extension 'ignore'
[0.280s] Level 1:colcon.colcon_core.package_identification:_identify(src/mybot_cartographer) by extension 'ignore_ament_install'
[0.280s] Level 1:colcon.colcon_core.package_identification:_identify(src/mybot_cartographer) by extensions ['colcon_pkg']
[0.280s] Level 1:colcon.colcon_core.package_identification:_identify(src/mybot_cartographer) by extension 'colcon_pkg'
[0.280s] Level 1:colcon.colcon_core.package_identification:_identify(src/mybot_cartographer) by extensions ['colcon_meta']
[0.280s] Level 1:colcon.colcon_core.package_identification:_identify(src/mybot_cartographer) by extension 'colcon_meta'
[0.280s] Level 1:colcon.colcon_core.package_identification:_identify(src/mybot_cartographer) by extensions ['ros']
[0.280s] Level 1:colcon.colcon_core.package_identification:_identify(src/mybot_cartographer) by extension 'ros'
[0.284s] DEBUG:colcon.colcon_core.package_identification:Package 'src/mybot_cartographer' with type 'ros.ament_cmake' and name 'mybot_cartographer'
[0.284s] Level 1:colcon.colcon_core.package_identification:_identify(src/mybot_description) by extensions ['ignore', 'ignore_ament_install']
[0.284s] Level 1:colcon.colcon_core.package_identification:_identify(src/mybot_description) by extension 'ignore'
[0.284s] Level 1:colcon.colcon_core.package_identification:_identify(src/mybot_description) by extension 'ignore_ament_install'
[0.285s] Level 1:colcon.colcon_core.package_identification:_identify(src/mybot_description) by extensions ['colcon_pkg']
[0.285s] Level 1:colcon.colcon_core.package_identification:_identify(src/mybot_description) by extension 'colcon_pkg'
[0.285s] Level 1:colcon.colcon_core.package_identification:_identify(src/mybot_description) by extensions ['colcon_meta']
[0.285s] Level 1:colcon.colcon_core.package_identification:_identify(src/mybot_description) by extension 'colcon_meta'
[0.285s] Level 1:colcon.colcon_core.package_identification:_identify(src/mybot_description) by extensions ['ros']
[0.285s] Level 1:colcon.colcon_core.package_identification:_identify(src/mybot_description) by extension 'ros'
[0.285s] DEBUG:colcon.colcon_core.package_identification:Package 'src/mybot_description' with type 'ros.ament_python' and name 'mybot_description'
[0.285s] Level 1:colcon.colcon_core.package_discovery:discover_packages(recursive) using defaults
[0.285s] Level 1:colcon.colcon_core.package_discovery:discover_packages(ignore) discover
[0.286s] Level 1:colcon.colcon_core.package_discovery:discover_packages(ignore) using defaults
[0.286s] Level 1:colcon.colcon_core.package_discovery:discover_packages(path) discover
[0.286s] Level 1:colcon.colcon_core.package_discovery:discover_packages(path) using defaults
[0.313s] INFO:colcon.colcon_core.package_selection:Skipping not selected package 'mybot_description' in 'src/mybot_description'
[0.314s] Level 1:colcon.colcon_core.package_discovery:discover_packages(prefix_path) check parameters
[0.314s] Level 1:colcon.colcon_core.package_discovery:discover_packages(prefix_path) discover
[0.315s] WARNING:colcon.colcon_ros.prefix_path.ament:The path '/home/nihil/gbot_ws/install/mybot_description' in the environment variable AMENT_PREFIX_PATH doesn't exist
[0.317s] DEBUG:colcon.colcon_installed_package_information.package_discovery:Found 1 installed packages in /home/nihil/gbot_ws/install
[0.320s] DEBUG:colcon.colcon_installed_package_information.package_discovery:Found 403 installed packages in /opt/ros/jazzy
[0.322s] Level 1:colcon.colcon_core.package_discovery:discover_packages(prefix_path) using defaults
[0.411s] Level 5:colcon.colcon_core.verb:set package 'mybot_cartographer' build argument 'cmake_args' from command line to 'None'
[0.411s] Level 5:colcon.colcon_core.verb:set package 'mybot_cartographer' build argument 'cmake_target' from command line to 'None'
[0.411s] Level 5:colcon.colcon_core.verb:set package 'mybot_cartographer' build argument 'cmake_target_skip_unavailable' from command line to 'False'
[0.412s] Level 5:colcon.colcon_core.verb:set package 'mybot_cartographer' build argument 'cmake_clean_cache' from command line to 'False'
[0.412s] Level 5:colcon.colcon_core.verb:set package 'mybot_cartographer' build argument 'cmake_clean_first' from command line to 'False'
[0.412s] Level 5:colcon.colcon_core.verb:set package 'mybot_cartographer' build argument 'cmake_force_configure' from command line to 'False'
[0.412s] Level 5:colcon.colcon_core.verb:set package 'mybot_cartographer' build argument 'ament_cmake_args' from command line to 'None'
[0.412s] Level 5:colcon.colcon_core.verb:set package 'mybot_cartographer' build argument 'catkin_cmake_args' from command line to 'None'
[0.412s] Level 5:colcon.colcon_core.verb:set package 'mybot_cartographer' build argument 'catkin_skip_building_tests' from command line to 'False'
[0.412s] DEBUG:colcon.colcon_core.verb:Building package 'mybot_cartographer' with the following arguments: {'ament_cmake_args': None, 'build_base': '/home/nihil/gbot_ws/build/mybot_cartographer', 'catkin_cmake_args': None, 'catkin_skip_building_tests': False, 'cmake_args': None, 'cmake_clean_cache': False, 'cmake_clean_first': False, 'cmake_force_configure': False, 'cmake_target': None, 'cmake_target_skip_unavailable': False, 'install_base': '/home/nihil/gbot_ws/install/mybot_cartographer', 'merge_install': False, 'path': '/home/nihil/gbot_ws/src/mybot_cartographer', 'symlink_install': False, 'test_result_base': None}
[0.412s] INFO:colcon.colcon_core.executor:Executing jobs using 'parallel' executor
[0.413s] DEBUG:colcon.colcon_parallel_executor.executor.parallel:run_until_complete
[0.414s] INFO:colcon.colcon_ros.task.ament_cmake.build:Building ROS package in '/home/nihil/gbot_ws/src/mybot_cartographer' with build type 'ament_cmake'
[0.415s] INFO:colcon.colcon_cmake.task.cmake.build:Building CMake package in '/home/nihil/gbot_ws/src/mybot_cartographer'
[0.419s] INFO:colcon.colcon_core.plugin_system:Skipping extension 'colcon_core.shell.bat': Not used on non-Windows systems
[0.420s] INFO:colcon.colcon_core.shell:Skip shell extension 'powershell' for command environment: Not usable outside of PowerShell
[0.420s] DEBUG:colcon.colcon_core.shell:Skip shell extension 'dsv' for command environment
[0.442s] DEBUG:colcon.colcon_core.event_handler.log_command:Invoking command in '/home/nihil/gbot_ws/build/mybot_cartographer': CMAKE_PREFIX_PATH=${CMAKE_PREFIX_PATH}:/home/nihil/gbot_ws/install/mybot_description:/opt/ros/jazzy DEBUGINFOD_URLS=https://debuginfod.ubuntu.com /usr/bin/cmake --build /home/nihil/gbot_ws/build/mybot_cartographer -- -j4 -l4
[0.539s] DEBUG:colcon.colcon_core.event_handler.log_command:Invoked command in '/home/nihil/gbot_ws/build/mybot_cartographer' returned '0': CMAKE_PREFIX_PATH=${CMAKE_PREFIX_PATH}:/home/nihil/gbot_ws/install/mybot_description:/opt/ros/jazzy DEBUGINFOD_URLS=https://debuginfod.ubuntu.com /usr/bin/cmake --build /home/nihil/gbot_ws/build/mybot_cartographer -- -j4 -l4
[0.561s] DEBUG:colcon.colcon_core.event_handler.log_command:Invoking command in '/home/nihil/gbot_ws/build/mybot_cartographer': CMAKE_PREFIX_PATH=${CMAKE_PREFIX_PATH}:/home/nihil/gbot_ws/install/mybot_description:/opt/ros/jazzy DEBUGINFOD_URLS=https://debuginfod.ubuntu.com /usr/bin/cmake --install /home/nihil/gbot_ws/build/mybot_cartographer
[0.584s] Level 1:colcon.colcon_core.environment:create_environment_scripts_only(mybot_cartographer)
[0.585s] DEBUG:colcon.colcon_core.event_handler.log_command:Invoked command in '/home/nihil/gbot_ws/build/mybot_cartographer' returned '0': CMAKE_PREFIX_PATH=${CMAKE_PREFIX_PATH}:/home/nihil/gbot_ws/install/mybot_description:/opt/ros/jazzy DEBUGINFOD_URLS=https://debuginfod.ubuntu.com /usr/bin/cmake --install /home/nihil/gbot_ws/build/mybot_cartographer
[0.587s] Level 1:colcon.colcon_core.environment:checking '/home/nihil/gbot_ws/install/mybot_cartographer' for CMake module files
[0.588s] Level 1:colcon.colcon_core.environment:checking '/home/nihil/gbot_ws/install/mybot_cartographer' for CMake config files
[0.588s] Level 1:colcon.colcon_core.shell:create_environment_hook('mybot_cartographer', 'cmake_prefix_path')
[0.589s] INFO:colcon.colcon_core.shell:Creating environment hook '/home/nihil/gbot_ws/install/mybot_cartographer/share/mybot_cartographer/hook/cmake_prefix_path.ps1'
[0.589s] INFO:colcon.colcon_core.shell:Creating environment descriptor '/home/nihil/gbot_ws/install/mybot_cartographer/share/mybot_cartographer/hook/cmake_prefix_path.dsv'
[0.590s] INFO:colcon.colcon_core.shell:Creating environment hook '/home/nihil/gbot_ws/install/mybot_cartographer/share/mybot_cartographer/hook/cmake_prefix_path.sh'
[0.591s] Level 1:colcon.colcon_core.environment:checking '/home/nihil/gbot_ws/install/mybot_cartographer/bin'
[0.592s] Level 1:colcon.colcon_core.environment:checking '/home/nihil/gbot_ws/install/mybot_cartographer/lib/pkgconfig/mybot_cartographer.pc'
[0.592s] Level 1:colcon.colcon_core.environment:checking '/home/nihil/gbot_ws/install/mybot_cartographer/lib/python3.12/site-packages'
[0.592s] Level 1:colcon.colcon_core.environment:checking '/home/nihil/gbot_ws/install/mybot_cartographer/bin'
[0.593s] INFO:colcon.colcon_core.shell:Creating package script '/home/nihil/gbot_ws/install/mybot_cartographer/share/mybot_cartographer/package.ps1'
[0.594s] INFO:colcon.colcon_core.shell:Creating package descriptor '/home/nihil/gbot_ws/install/mybot_cartographer/share/mybot_cartographer/package.dsv'
[0.594s] INFO:colcon.colcon_core.shell:Creating package script '/home/nihil/gbot_ws/install/mybot_cartographer/share/mybot_cartographer/package.sh'
[0.595s] INFO:colcon.colcon_core.shell:Creating package script '/home/nihil/gbot_ws/install/mybot_cartographer/share/mybot_cartographer/package.bash'
[0.596s] INFO:colcon.colcon_core.shell:Creating package script '/home/nihil/gbot_ws/install/mybot_cartographer/share/mybot_cartographer/package.zsh'
[0.597s] Level 1:colcon.colcon_core.environment:create_file_with_runtime_dependencies(/home/nihil/gbot_ws/install/mybot_cartographer/share/colcon-core/packages/mybot_cartographer)
[0.600s] Level 1:colcon.colcon_core.environment:create_environment_scripts_only(mybot_cartographer)
[0.601s] Level 1:colcon.colcon_core.environment:checking '/home/nihil/gbot_ws/install/mybot_cartographer' for CMake module files
[0.601s] Level 1:colcon.colcon_core.environment:checking '/home/nihil/gbot_ws/install/mybot_cartographer' for CMake config files
[0.602s] Level 1:colcon.colcon_core.shell:create_environment_hook('mybot_cartographer', 'cmake_prefix_path')
[0.602s] INFO:colcon.colcon_core.shell:Creating environment hook '/home/nihil/gbot_ws/install/mybot_cartographer/share/mybot_cartographer/hook/cmake_prefix_path.ps1'
[0.603s] INFO:colcon.colcon_core.shell:Creating environment descriptor '/home/nihil/gbot_ws/install/mybot_cartographer/share/mybot_cartographer/hook/cmake_prefix_path.dsv'
[0.604s] INFO:colcon.colcon_core.shell:Creating environment hook '/home/nihil/gbot_ws/install/mybot_cartographer/share/mybot_cartographer/hook/cmake_prefix_path.sh'
[0.605s] Level 1:colcon.colcon_core.environment:checking '/home/nihil/gbot_ws/install/mybot_cartographer/bin'
[0.606s] Level 1:colcon.colcon_core.environment:checking '/home/nihil/gbot_ws/install/mybot_cartographer/lib/pkgconfig/mybot_cartographer.pc'
[0.606s] Level 1:colcon.colcon_core.environment:checking '/home/nihil/gbot_ws/install/mybot_cartographer/lib/python3.12/site-packages'
[0.606s] Level 1:colcon.colcon_core.environment:checking '/home/nihil/gbot_ws/install/mybot_cartographer/bin'
[0.607s] INFO:colcon.colcon_core.shell:Creating package script '/home/nihil/gbot_ws/install/mybot_cartographer/share/mybot_cartographer/package.ps1'
[0.608s] INFO:colcon.colcon_core.shell:Creating package descriptor '/home/nihil/gbot_ws/install/mybot_cartographer/share/mybot_cartographer/package.dsv'
[0.609s] INFO:colcon.colcon_core.shell:Creating package script '/home/nihil/gbot_ws/install/mybot_cartographer/share/mybot_cartographer/package.sh'
[0.610s] INFO:colcon.colcon_core.shell:Creating package script '/home/nihil/gbot_ws/install/mybot_cartographer/share/mybot_cartographer/package.bash'
[0.610s] INFO:colcon.colcon_core.shell:Creating package script '/home/nihil/gbot_ws/install/mybot_cartographer/share/mybot_cartographer/package.zsh'
[0.611s] Level 1:colcon.colcon_core.environment:create_file_with_runtime_dependencies(/home/nihil/gbot_ws/install/mybot_cartographer/share/colcon-core/packages/mybot_cartographer)
[0.612s] DEBUG:colcon.colcon_parallel_executor.executor.parallel:closing loop
[0.613s] DEBUG:colcon.colcon_parallel_executor.executor.parallel:loop closed
[0.613s] DEBUG:colcon.colcon_parallel_executor.executor.parallel:run_until_complete finished with '0'
[0.613s] DEBUG:colcon.colcon_core.event_reactor:joining thread
[0.625s] INFO:colcon.colcon_core.plugin_system:Skipping extension 'colcon_notification.desktop_notification.terminal_notifier': Not used on non-Darwin systems
[0.625s] INFO:colcon.colcon_core.plugin_system:Skipping extension 'colcon_notification.desktop_notification.win32': Not used on non-Windows systems
[0.625s] INFO:colcon.colcon_notification.desktop_notification:Sending desktop notification using 'notify2'
[0.683s] DEBUG:colcon.colcon_core.event_reactor:joined thread
[0.684s] INFO:colcon.colcon_core.shell:Creating prefix script '/home/nihil/gbot_ws/install/local_setup.ps1'
[0.686s] INFO:colcon.colcon_core.shell:Creating prefix util module '/home/nihil/gbot_ws/install/_local_setup_util_ps1.py'
[0.692s] INFO:colcon.colcon_core.shell:Creating prefix chain script '/home/nihil/gbot_ws/install/setup.ps1'
[0.696s] INFO:colcon.colcon_core.shell:Creating prefix script '/home/nihil/gbot_ws/install/local_setup.sh'
[0.698s] INFO:colcon.colcon_core.shell:Creating prefix util module '/home/nihil/gbot_ws/install/_local_setup_util_sh.py'
[0.700s] INFO:colcon.colcon_core.shell:Creating prefix chain script '/home/nihil/gbot_ws/install/setup.sh'
[0.702s] INFO:colcon.colcon_core.shell:Creating prefix script '/home/nihil/gbot_ws/install/local_setup.bash'
[0.703s] INFO:colcon.colcon_core.shell:Creating prefix chain script '/home/nihil/gbot_ws/install/setup.bash'
[0.705s] INFO:colcon.colcon_core.shell:Creating prefix script '/home/nihil/gbot_ws/install/local_setup.zsh'
[0.708s] INFO:colcon.colcon_core.shell:Creating prefix chain script '/home/nihil/gbot_ws/install/setup.zsh'
