-- The C compiler identification is GNU 13.3.0
-- The CXX compiler identification is GNU 13.3.0
-- Detecting C compiler ABI info
-- Detecting C compiler ABI info - done
-- Check for working C compiler: /usr/bin/cc - skipped
-- Detecting C compile features
-- Detecting C compile features - done
-- Detecting CXX compiler ABI info
-- Detecting CXX compiler ABI info - done
-- Check for working CXX compiler: /usr/bin/c++ - skipped
-- Detecting CXX compile features
-- Detecting CXX compile features - done
-- Found ament_cmake: 2.5.4 (/opt/ros/jazzy/share/ament_cmake/cmake)
-- Found Python3: /usr/bin/python3 (found version "3.12.3") found components: Interpreter 
-- Found ament_lint_auto: 0.17.2 (/opt/ros/jazzy/share/ament_lint_auto/cmake)
-- Added test 'flake8' to check Python code syntax and style conventions
-- Configured 'flake8' exclude dirs and/or files: 
-- Added test 'lint_cmake' to check CMake code style
-- Added test 'pep257' to check Python code against some of the docstring style conventions in PEP 257
-- Added test 'xmllint' to check XML markup files
-- Configuring done (1.5s)
-- Generating done (0.0s)
-- Build files have been written to: /home/nihil/gbot_ws/build/mybot_cartographer
-- Install configuration: ""
-- Installing: /home/nihil/gbot_ws/install/mybot_cartographer/share/mybot_cartographer/launch
-- Installing: /home/nihil/gbot_ws/install/mybot_cartographer/share/mybot_cartographer/launch/carto.launch.py
-- Installing: /home/nihil/gbot_ws/install/mybot_cartographer/share/mybot_cartographer/config
-- Installing: /home/nihil/gbot_ws/install/mybot_cartographer/share/mybot_cartographer/config/mybot.lua
-- Installing: /home/nihil/gbot_ws/install/mybot_cartographer/share/ament_index/resource_index/package_run_dependencies/mybot_cartographer
-- Installing: /home/nihil/gbot_ws/install/mybot_cartographer/share/ament_index/resource_index/parent_prefix_path/mybot_cartographer
-- Installing: /home/nihil/gbot_ws/install/mybot_cartographer/share/mybot_cartographer/environment/ament_prefix_path.sh
-- Installing: /home/nihil/gbot_ws/install/mybot_cartographer/share/mybot_cartographer/environment/ament_prefix_path.dsv
-- Installing: /home/nihil/gbot_ws/install/mybot_cartographer/share/mybot_cartographer/environment/path.sh
-- Installing: /home/nihil/gbot_ws/install/mybot_cartographer/share/mybot_cartographer/environment/path.dsv
-- Installing: /home/nihil/gbot_ws/install/mybot_cartographer/share/mybot_cartographer/local_setup.bash
-- Installing: /home/nihil/gbot_ws/install/mybot_cartographer/share/mybot_cartographer/local_setup.sh
-- Installing: /home/nihil/gbot_ws/install/mybot_cartographer/share/mybot_cartographer/local_setup.zsh
-- Installing: /home/nihil/gbot_ws/install/mybot_cartographer/share/mybot_cartographer/local_setup.dsv
-- Installing: /home/nihil/gbot_ws/install/mybot_cartographer/share/mybot_cartographer/package.dsv
-- Installing: /home/nihil/gbot_ws/install/mybot_cartographer/share/ament_index/resource_index/packages/mybot_cartographer
-- Installing: /home/nihil/gbot_ws/install/mybot_cartographer/share/mybot_cartographer/cmake/mybot_cartographerConfig.cmake
-- Installing: /home/nihil/gbot_ws/install/mybot_cartographer/share/mybot_cartographer/cmake/mybot_cartographerConfig-version.cmake
-- Installing: /home/nihil/gbot_ws/install/mybot_cartographer/share/mybot_cartographer/package.xml
